<?xml version="1.0" encoding="UTF-8"?>
<!-- Generated by org.testng.reporters.JUnitReportReporter -->
<testsuite hostname="DESKTOP-FN5BU9A" failures="0" tests="1" name="stepRunner.TestRunner" time="39.680" errors="0" timestamp="2025-10-05T23:25:43 IST" skipped="0">
  <testcase classname="stepRunner.TestRunner" name="runScenario" time="39.680"/>
</testsuite> <!-- stepRunner.TestRunner -->
